<?xml version="1.0" encoding="UTF-8"?>
<!-- Generated by org.testng.reporters.JUnitReportReporter -->
<testsuite skipped="0" hostname="LAPTOP-PI6QVRRF" name="appium.DragAndDrop" tests="1" failures="0" timestamp="2020-03-11T15:49:16 IST" time="30.693" errors="0">
  <testcase name="dragAndDrop" time="30.693" classname="appium.DragAndDrop"/>
</testsuite> <!-- appium.DragAndDrop -->
