<?xml version="1.0" encoding="UTF-8"?>
<!-- Generated by org.testng.reporters.JUnitReportReporter -->
<testsuite skipped="0" hostname="LAPTOP-PI6QVRRF" name="appium.Notification" tests="1" failures="0" timestamp="2020-03-11T16:55:07 IST" time="21.847" errors="0">
  <testcase name="notification" time="21.847" classname="appium.Notification"/>
</testsuite> <!-- appium.Notification -->
