<?xml version="1.0" encoding="UTF-8"?>
<!-- Generated by org.testng.reporters.JUnitReportReporter -->
<testsuite skipped="0" hostname="LAPTOP-PI6QVRRF" name="appium.DragAndDropTouchAction" tests="1" failures="0" timestamp="2020-03-11T15:50:16 IST" time="27.284" errors="0">
  <testcase name="dragAndDropTouchAction" time="27.284" classname="appium.DragAndDropTouchAction"/>
</testsuite> <!-- appium.DragAndDropTouchAction -->
