<?xml version="1.0" encoding="UTF-8"?>
<!-- Generated by org.testng.reporters.JUnitReportReporter -->
<testsuite skipped="0" hostname="LAPTOP-PI6QVRRF" name="appium.VoonikApp1" tests="1" failures="0" timestamp="2020-03-13T17:06:29 IST" time="45.863" errors="0">
  <testcase name="voonikApp1" time="45.863" classname="appium.VoonikApp1"/>
</testsuite> <!-- appium.VoonikApp1 -->
