<?xml version="1.0" encoding="UTF-8"?>
<!-- Generated by org.testng.reporters.JUnitReportReporter -->
<testsuite skipped="0" hostname="LAPTOP-PI6QVRRF" name="appium.TouchScreenTest1" tests="1" failures="0" timestamp="2020-03-11T17:34:33 IST" time="16.215" errors="0">
  <testcase name="touchScreenTest1" time="16.215" classname="appium.TouchScreenTest1"/>
</testsuite> <!-- appium.TouchScreenTest1 -->
