<?xml version="1.0" encoding="UTF-8"?>
<!-- Generated by org.testng.reporters.JUnitReportReporter -->
<testsuite skipped="0" hostname="LAPTOP-PI6QVRRF" name="appium.VoonikApp" tests="1" failures="0" timestamp="2020-03-09T17:48:47 IST" time="30.125" errors="0">
  <testcase name="voonikApp" time="30.125" classname="appium.VoonikApp"/>
</testsuite> <!-- appium.VoonikApp -->
