<?xml version="1.0" encoding="UTF-8"?>
<!-- Generated by org.testng.reporters.JUnitReportReporter -->
<testsuite skipped="0" hostname="LAPTOP-PI6QVRRF" name="appium.TouchScreenTest" tests="1" failures="0" timestamp="2020-03-11T17:30:21 IST" time="13.604" errors="0">
  <testcase name="touchScreenTest" time="13.604" classname="appium.TouchScreenTest"/>
</testsuite> <!-- appium.TouchScreenTest -->
