<?xml version="1.0" encoding="UTF-8"?>
<!-- Generated by org.testng.reporters.JUnitReportReporter -->
<testsuite skipped="0" hostname="LAPTOP-PI6QVRRF" name="appium.StopWatch" tests="1" failures="0" timestamp="2020-03-09T17:57:19 IST" time="41.562" errors="0">
  <testcase name="stopWatch" time="41.562" classname="appium.StopWatch"/>
</testsuite> <!-- appium.StopWatch -->
